2025-05-21 23:30:27,367 - RAG_Agent - INFO - Starting data pipeline...
2025-05-21 23:30:28,086 - RAG_Agent - INFO - Cleaning data...
2025-05-21 23:30:28,101 - RAG_Agent - ERROR - No valid data available after cleaning
2025-05-21 23:33:42,100 - RAG_Agent - INFO - Starting data pipeline...
2025-05-21 23:33:42,852 - RAG_Agent - INFO - Cleaning data...
2025-05-21 23:33:42,868 - RAG_Agent - INFO - Successfully cleaned 31 records
2025-05-21 23:33:42,868 - RAG_Agent - INFO - Storing data to MySQL...
2025-05-21 23:33:42,932 - RAG_Agent - INFO - Data pipeline executed successfully!
2025-05-22 00:03:43,374 - RAG_Agent - INFO - Starting data pipeline...
2025-05-22 00:03:44,277 - RAG_Agent - INFO - Cleaning data...
2025-05-22 00:03:44,293 - RAG_Agent - INFO - Successfully cleaned 67 records
2025-05-22 00:03:44,293 - RAG_Agent - INFO - Storing data to MySQL...
2025-05-22 00:03:44,327 - RAG_Agent - INFO - Data pipeline executed successfully!
2025-05-22 01:22:27,125 - RAG_Agent - INFO - Fetching data from Federal Register API...
2025-05-22 01:22:28,370 - RAG_Agent - INFO - Processing fetched data...
2025-05-22 01:22:28,395 - RAG_Agent - INFO - Processed 67 records successfully
2025-05-22 01:22:28,395 - RAG_Agent - INFO - Storing data in MySQL...
2025-05-22 01:22:28,452 - RAG_Agent - ERROR - Pipeline error: Cursor closed
Traceback (most recent call last):
  File "K:\Environments\RAG_Agent\src\AI_Recruitment_RAG\data_pipeline\store_data.py", line 26, in store_data_to_mysql
    await cur.execute("""
  File "K:\Environments\RAG_Agent\env\Lib\site-packages\aiomysql\cursors.py", line 239, in execute
    await self._query(query)
  File "K:\Environments\RAG_Agent\env\Lib\site-packages\aiomysql\cursors.py", line 457, in _query
    await conn.query(q)
  File "K:\Environments\RAG_Agent\env\Lib\site-packages\aiomysql\connection.py", line 469, in query
    await self._read_query_result(unbuffered=unbuffered)
  File "K:\Environments\RAG_Agent\env\Lib\site-packages\aiomysql\connection.py", line 683, in _read_query_result
    await result.read()
  File "K:\Environments\RAG_Agent\env\Lib\site-packages\aiomysql\connection.py", line 1164, in read
    first_packet = await self.connection._read_packet()
                   ^^^^^^^^^^^^^^^^^^^^^^^^^^^^^^^^^^^^
  File "K:\Environments\RAG_Agent\env\Lib\site-packages\aiomysql\connection.py", line 652, in _read_packet
    packet.raise_for_error()
  File "K:\Environments\RAG_Agent\env\Lib\site-packages\pymysql\protocol.py", line 219, in raise_for_error
    err.raise_mysql_exception(self._data)
  File "K:\Environments\RAG_Agent\env\Lib\site-packages\pymysql\err.py", line 150, in raise_mysql_exception
    raise errorclass(errno, errval)
pymysql.err.DataError: (1406, "Data too long for column 'title' at row 1")

During handling of the above exception, another exception occurred:

Traceback (most recent call last):
  File "K:\Environments\RAG_Agent\main.py", line 67, in fetch_and_store_data
    await store_data_to_mysql(cleaned_data)
  File "K:\Environments\RAG_Agent\src\AI_Recruitment_RAG\data_pipeline\store_data.py", line 60, in store_data_to_mysql
    await cur.execute("""
  File "K:\Environments\RAG_Agent\env\Lib\site-packages\aiomysql\cursors.py", line 231, in execute
    conn = self._get_db()
           ^^^^^^^^^^^^^^
  File "K:\Environments\RAG_Agent\env\Lib\site-packages\aiomysql\cursors.py", line 165, in _get_db
    raise ProgrammingError("Cursor closed")
pymysql.err.ProgrammingError: Cursor closed
2025-05-22 01:22:28,501 - RAG_Agent - ERROR - Initial data load failed
2025-05-22 01:27:15,366 - RAG_Agent - INFO - Fetching data from Federal Register API...
2025-05-22 01:27:16,091 - RAG_Agent - INFO - Processing fetched data...
2025-05-22 01:27:16,099 - RAG_Agent - INFO - Processed 67 records successfully
2025-05-22 01:27:16,099 - RAG_Agent - INFO - Storing data in MySQL...
2025-05-22 01:27:16,164 - RAG_Agent - INFO - Data pipeline completed successfully!
2025-05-22 01:27:16,164 - RAG_Agent - INFO - Initial data load completed successfully
2025-05-22 01:59:57,166 - RAG_Agent - INFO - Fetching data from Federal Register API...
2025-05-22 01:59:58,070 - RAG_Agent - INFO - Processing fetched data...
2025-05-22 01:59:58,103 - RAG_Agent - INFO - Processed 67 records successfully
2025-05-22 01:59:58,103 - RAG_Agent - INFO - Storing data in MySQL...
2025-05-22 01:59:58,193 - RAG_Agent - INFO - Data pipeline completed successfully!
2025-05-22 01:59:58,193 - RAG_Agent - INFO - Testing LLM with query: Find executive documents from the last 7 days related to healthcare
2025-05-22 02:00:01,425 - RAG_Agent - INFO - LLM query successful
2025-05-22 02:00:01,425 - RAG_Agent - INFO - LLM test successful
2025-05-22 02:00:01,425 - RAG_Agent - INFO - Response: To find executive documents related to healthcare from the last 7 days, you can use the search_Executive Documents tool.

The start_date and end_date of the search must be specified. You can specify the keywords as well if you have any specific requirements such as a strict deadline or specific language.

Once you have set up the search, you can retrieve executive documents related to healthcare from the last 7 days.
2025-05-22 02:16:11,613 - RAG_Agent - INFO - Fetching data from Federal Register API...
2025-05-22 02:16:12,851 - RAG_Agent - INFO - Processing fetched data...
2025-05-22 02:16:12,859 - RAG_Agent - INFO - Processed 67 records successfully
2025-05-22 02:16:12,859 - RAG_Agent - INFO - Storing data in MySQL...
2025-05-22 02:16:12,917 - RAG_Agent - INFO - Data pipeline completed successfully!
2025-05-22 02:17:22,410 - RAG_Agent - INFO - Fetching data from Federal Register API...
2025-05-22 02:17:23,145 - RAG_Agent - INFO - Processing fetched data...
2025-05-22 02:17:23,154 - RAG_Agent - INFO - Processed 67 records successfully
2025-05-22 02:17:23,154 - RAG_Agent - INFO - Storing data in MySQL...
2025-05-22 02:17:23,203 - RAG_Agent - INFO - Data pipeline completed successfully!
2025-05-22 02:18:22,517 - RAG_Agent - INFO - Fetching data from Federal Register API...
2025-05-22 02:18:23,239 - RAG_Agent - INFO - Processing fetched data...
2025-05-22 02:18:23,247 - RAG_Agent - INFO - Processed 67 records successfully
2025-05-22 02:18:23,247 - RAG_Agent - INFO - Storing data in MySQL...
2025-05-22 02:18:23,296 - RAG_Agent - INFO - Data pipeline completed successfully!
2025-05-22 02:20:47,407 - RAG_Agent - INFO - Fetching data from Federal Register API...
2025-05-22 02:20:48,137 - RAG_Agent - INFO - Processing fetched data...
2025-05-22 02:20:48,145 - RAG_Agent - INFO - Processed 67 records successfully
2025-05-22 02:20:48,145 - RAG_Agent - INFO - Storing data in MySQL...
2025-05-22 02:20:48,187 - RAG_Agent - INFO - Data pipeline completed successfully!
2025-05-22 02:26:09,416 - RAG_Agent - INFO - Fetching data from Federal Register API...
2025-05-22 02:26:10,141 - RAG_Agent - INFO - Processing fetched data...
2025-05-22 02:26:10,149 - RAG_Agent - INFO - Processed 67 records successfully
2025-05-22 02:26:10,149 - RAG_Agent - INFO - Storing data in MySQL...
2025-05-22 02:26:10,190 - RAG_Agent - INFO - Data pipeline completed successfully!
2025-05-22 02:36:56,495 - RAG_Agent - INFO - Created static directory at K:\Environments\RAG_Agent\templates\static
2025-05-22 02:36:56,511 - RAG_Agent - INFO - Fetching data from Federal Register API...
2025-05-22 02:36:57,570 - RAG_Agent - INFO - Processing fetched data...
2025-05-22 02:36:57,594 - RAG_Agent - INFO - Processed 67 records successfully
2025-05-22 02:36:57,594 - RAG_Agent - INFO - Storing data in MySQL...
2025-05-22 02:36:57,645 - RAG_Agent - INFO - Data pipeline completed successfully!
2025-05-22 02:37:02,759 - RAG_Agent - INFO - WebSocket connection established
2025-05-22 02:37:21,744 - RAG_Agent - INFO - Received query: What are Federal documents
2025-05-22 02:37:28,049 - RAG_Agent - INFO - LLM query successful
2025-05-22 02:37:28,049 - RAG_Agent - INFO - Response sent successfully
2025-05-22 02:37:55,572 - RAG_Agent - INFO - WebSocket connection closed by client
2025-05-22 02:56:23,888 - RAG_Agent - INFO - Fetching data from Federal Register API...
2025-05-22 02:56:23,888 - RAG_Agent - ERROR - Error fetching data: 'data_pipeline'
2025-05-22 02:56:23,888 - RAG_Agent - ERROR - Failed to fetch data from API
2025-05-22 02:56:23,910 - RAG_Agent - INFO - Data range: 2025-05-21 to 2025-05-21
2025-05-22 02:56:23,910 - RAG_Agent - INFO - Total records: 67
2025-05-22 02:56:28,813 - RAG_Agent - INFO - WebSocket connection established
2025-05-22 02:56:57,795 - RAG_Agent - INFO - Received query: do you have the federal documents on 2025-01-01
2025-05-22 02:57:02,239 - RAG_Agent - INFO - LLM query successful
2025-05-22 02:57:02,240 - RAG_Agent - INFO - Response sent successfully
2025-05-22 03:05:35,441 - RAG_Agent - INFO - WebSocket connection closed by client
2025-05-22 03:05:49,886 - RAG_Agent - ERROR - Error verifying data coverage: name 'aiomysql' is not defined
2025-05-22 03:05:49,887 - RAG_Agent - INFO - Fetching data from Federal Register API...
2025-05-22 03:05:49,887 - RAG_Agent - ERROR - Error fetching data: 'data_pipeline'
2025-05-22 03:05:49,887 - RAG_Agent - ERROR - Failed to fetch data from API
2025-05-22 03:05:49,917 - RAG_Agent - INFO - Data range: 2025-05-21 to 2025-05-21
2025-05-22 03:05:49,917 - RAG_Agent - INFO - Total records: 67
2025-05-22 03:12:12,999 - RAG_Agent - ERROR - Error verifying data coverage: 'data_pipeline'
2025-05-22 03:12:13,000 - RAG_Agent - INFO - Fetching data from Federal Register API...
2025-05-22 03:12:13,000 - RAG_Agent - ERROR - Error fetching data: 'data_pipeline'
2025-05-22 03:12:13,000 - RAG_Agent - ERROR - Failed to fetch data from API
2025-05-22 03:12:13,008 - RAG_Agent - INFO - Data range: 2025-05-21 to 2025-05-21
2025-05-22 03:12:13,008 - RAG_Agent - INFO - Total records: 67
2025-05-22 03:16:49,857 - RAG_Agent - INFO - Expected documents from API: 9244
2025-05-22 03:16:49,859 - RAG_Agent - WARNING - Incomplete data coverage detected
2025-05-22 03:16:49,860 - RAG_Agent - WARNING - Current coverage: 0.00%
2025-05-22 03:19:17,076 - RAG_Agent - INFO - Expected documents from API: 9244
2025-05-22 03:19:17,078 - RAG_Agent - WARNING - Incomplete data coverage detected
2025-05-22 03:19:17,078 - RAG_Agent - WARNING - Current coverage: 0.72%
2025-05-22 03:19:17,078 - RAG_Agent - WARNING - Missing 9177 documents
2025-05-22 03:19:17,078 - RAG_Agent - WARNING - Date range: 2025-01-01 to 2025-05-22
2025-05-22 03:19:17,079 - RAG_Agent - INFO - Fetching data from Federal Register API...
2025-05-22 03:19:18,323 - RAG_Agent - INFO - Successfully fetched 100 documents
2025-05-22 03:19:18,323 - RAG_Agent - INFO - Processing fetched data...
2025-05-22 03:19:18,358 - RAG_Agent - INFO - Processed 69 records successfully
2025-05-22 03:19:18,359 - RAG_Agent - INFO - Storing data in MySQL...
2025-05-22 03:19:18,359 - RAG_Agent - ERROR - Database error: 'db_name'
2025-05-22 03:19:18,359 - RAG_Agent - ERROR - Pipeline error: 'db_name'
Traceback (most recent call last):
  File "K:\Environments\RAG_Agent\main.py", line 70, in fetch_and_store_data
    await store_data_to_mysql(cleaned_data)
  File "K:\Environments\RAG_Agent\src\AI_Recruitment_RAG\data_pipeline\store_data.py", line 26, in store_data_to_mysql
    db=db_config['db_name'],
       ~~~~~~~~~^^^^^^^^^^^
KeyError: 'db_name'
2025-05-22 03:19:18,366 - RAG_Agent - INFO - Data range: 2025-05-21 to 2025-05-21
2025-05-22 03:19:18,367 - RAG_Agent - INFO - Total records: 67
2025-05-22 03:21:51,795 - RAG_Agent - INFO - Expected documents from API: 9244
2025-05-22 03:21:51,797 - RAG_Agent - WARNING - Incomplete data coverage detected
2025-05-22 03:21:51,797 - RAG_Agent - WARNING - Current coverage: 0.72%
2025-05-22 03:21:51,797 - RAG_Agent - WARNING - Missing 9177 documents
2025-05-22 03:21:51,797 - RAG_Agent - WARNING - Date range: 2025-01-01 to 2025-05-22
2025-05-22 03:21:51,798 - RAG_Agent - INFO - Fetching data from Federal Register API...
2025-05-22 03:21:52,835 - RAG_Agent - INFO - Successfully fetched 100 documents
2025-05-22 03:21:52,835 - RAG_Agent - INFO - Processing fetched data...
2025-05-22 03:21:52,841 - RAG_Agent - INFO - Processed 69 records successfully
2025-05-22 03:21:52,841 - RAG_Agent - INFO - Storing data in MySQL...
2025-05-22 03:21:52,995 - RAG_Agent - INFO - Data pipeline completed successfully!
2025-05-22 03:21:52,998 - RAG_Agent - INFO - Data range: 2025-01-02 to 2025-05-21
2025-05-22 03:21:52,998 - RAG_Agent - INFO - Total records: 136
2025-05-22 03:22:04,305 - RAG_Agent - INFO - WebSocket connection established
2025-05-22 03:23:46,203 - RAG_Agent - INFO - Received query: what are the executive documents related to artificial intelligence and security in all the past years
2025-05-22 03:23:51,554 - RAG_Agent - INFO - LLM query successful
2025-05-22 03:23:51,555 - RAG_Agent - INFO - Response sent successfully
2025-05-22 03:24:19,984 - RAG_Agent - INFO - Received query: what are the new executive orders by president donald trump this month and summarize them for me.
2025-05-22 03:24:22,814 - RAG_Agent - INFO - LLM query successful
2025-05-22 03:24:22,815 - RAG_Agent - INFO - Response sent successfully
2025-05-22 03:24:39,914 - RAG_Agent - INFO - WebSocket connection closed by client
2025-05-22 05:33:10,485 - RAG_Agent - INFO - Loaded config.yaml from K:\Environments\RAG_Agent\config\config.yaml
2025-05-22 05:33:10,485 - RAG_Agent - INFO - Loaded params.yaml from K:\Environments\RAG_Agent\params.yaml
2025-05-22 05:33:10,491 - RAG_Agent - INFO - Loaded schema.yaml from K:\Environments\RAG_Agent\schema.yaml
2025-05-22 05:33:10,498 - RAG_Agent - INFO - Loaded config.yaml from K:\Environments\RAG_Agent\config\config.yaml
2025-05-22 05:33:10,505 - RAG_Agent - INFO - Loaded params.yaml from K:\Environments\RAG_Agent\params.yaml
2025-05-22 05:33:10,505 - RAG_Agent - INFO - Loaded schema.yaml from K:\Environments\RAG_Agent\schema.yaml
2025-05-22 05:33:11,372 - RAG_Agent - INFO - Expected documents from API: 9244
2025-05-22 05:33:11,372 - RAG_Agent - WARNING - Incomplete data coverage detected
2025-05-22 05:33:11,372 - RAG_Agent - WARNING - Current coverage: 1.47%
2025-05-22 05:33:11,372 - RAG_Agent - WARNING - Missing 9108 documents
2025-05-22 05:33:11,387 - RAG_Agent - WARNING - Date range: 2025-01-01 to 2025-05-22
2025-05-22 05:33:11,387 - RAG_Agent - INFO - Fetching data from Federal Register API...
2025-05-22 05:33:12,271 - RAG_Agent - INFO - Successfully fetched 100 documents
2025-05-22 05:33:12,271 - RAG_Agent - INFO - Processing fetched data...
2025-05-22 05:33:12,317 - RAG_Agent - INFO - Processed 69 records successfully
2025-05-22 05:33:12,323 - RAG_Agent - INFO - Storing data in MySQL...
2025-05-22 05:33:12,380 - RAG_Agent - INFO - Data pipeline completed successfully!
2025-05-22 05:33:12,394 - RAG_Agent - INFO - Data range: 2025-01-02 to 2025-05-21
2025-05-22 05:33:12,394 - RAG_Agent - INFO - Total records: 136
2025-05-22 05:33:29,129 - RAG_Agent - INFO - WebSocket connection established
2025-05-22 05:34:20,277 - RAG_Agent - INFO - Received query: how many document are related to donald trump
2025-05-22 05:34:24,589 - RAG_Agent - ERROR - Cannot connect to Ollama. Please ensure Ollama is running
2025-05-22 05:34:24,589 - RAG_Agent - ERROR - Error in LLM query: Failed to connect to Ollama. Please check that Ollama is downloaded, running and accessible. https://ollama.com/download
2025-05-22 05:34:24,589 - RAG_Agent - ERROR - Error processing query: Failed to connect to Ollama. Please check that Ollama is downloaded, running and accessible. https://ollama.com/download
2025-05-22 05:34:34,280 - RAG_Agent - INFO - WebSocket connection closed by client
2025-05-22 05:37:50,721 - RAG_Agent - INFO - Loaded config.yaml from K:\Environments\RAG_Agent\config\config.yaml
2025-05-22 05:37:50,721 - RAG_Agent - INFO - Loaded params.yaml from K:\Environments\RAG_Agent\params.yaml
2025-05-22 05:37:50,721 - RAG_Agent - INFO - Loaded schema.yaml from K:\Environments\RAG_Agent\schema.yaml
2025-05-22 05:37:50,733 - RAG_Agent - INFO - Loaded config.yaml from K:\Environments\RAG_Agent\config\config.yaml
2025-05-22 05:37:50,737 - RAG_Agent - INFO - Loaded params.yaml from K:\Environments\RAG_Agent\params.yaml
2025-05-22 05:37:50,741 - RAG_Agent - INFO - Loaded schema.yaml from K:\Environments\RAG_Agent\schema.yaml
2025-05-22 05:37:51,491 - RAG_Agent - INFO - Expected documents from API: 9244
2025-05-22 05:37:51,491 - RAG_Agent - WARNING - Incomplete data coverage detected
2025-05-22 05:37:51,491 - RAG_Agent - WARNING - Current coverage: 1.47%
2025-05-22 05:37:51,491 - RAG_Agent - WARNING - Missing 9108 documents
2025-05-22 05:37:51,491 - RAG_Agent - WARNING - Date range: 2025-01-01 to 2025-05-22
2025-05-22 05:37:51,506 - RAG_Agent - INFO - Fetching data from Federal Register API...
2025-05-22 05:37:52,217 - RAG_Agent - INFO - Successfully fetched 100 documents
2025-05-22 05:37:52,217 - RAG_Agent - INFO - Processing fetched data...
2025-05-22 05:37:52,253 - RAG_Agent - INFO - Processed 69 records successfully
2025-05-22 05:37:52,253 - RAG_Agent - INFO - Storing data in MySQL...
2025-05-22 05:37:52,309 - RAG_Agent - INFO - Data pipeline completed successfully!
2025-05-22 05:37:52,316 - RAG_Agent - INFO - Data range: 2025-01-02 to 2025-05-21
2025-05-22 05:37:52,316 - RAG_Agent - INFO - Total records: 136
2025-05-22 05:38:03,573 - RAG_Agent - INFO - WebSocket connection established
2025-05-22 05:38:21,013 - RAG_Agent - INFO - Received query: how many documents are related to donald trump
2025-05-22 05:38:26,778 - RAG_Agent - INFO - LLM query successful
2025-05-22 05:38:26,778 - RAG_Agent - INFO - Response sent successfully
2025-05-22 05:38:52,318 - RAG_Agent - INFO - Received query: about healthcare
2025-05-22 05:38:56,287 - RAG_Agent - INFO - LLM query successful
2025-05-22 05:38:56,287 - RAG_Agent - INFO - Response sent successfully
2025-05-22 05:39:04,419 - RAG_Agent - INFO - WebSocket connection closed by client
2025-05-22 05:41:38,316 - RAG_Agent - INFO - Loaded config.yaml from K:\Environments\RAG_Agent\config\config.yaml
2025-05-22 05:41:38,316 - RAG_Agent - INFO - Loaded params.yaml from K:\Environments\RAG_Agent\params.yaml
2025-05-22 05:41:38,316 - RAG_Agent - INFO - Loaded schema.yaml from K:\Environments\RAG_Agent\schema.yaml
2025-05-22 05:41:38,330 - RAG_Agent - INFO - Loaded config.yaml from K:\Environments\RAG_Agent\config\config.yaml
2025-05-22 05:41:38,332 - RAG_Agent - INFO - Loaded params.yaml from K:\Environments\RAG_Agent\params.yaml
2025-05-22 05:41:38,338 - RAG_Agent - INFO - Loaded schema.yaml from K:\Environments\RAG_Agent\schema.yaml
2025-05-22 05:41:39,078 - RAG_Agent - INFO - Expected documents from API: 9244
2025-05-22 05:41:39,078 - RAG_Agent - WARNING - Incomplete data coverage detected
2025-05-22 05:41:39,078 - RAG_Agent - WARNING - Current coverage: 1.47%
2025-05-22 05:41:39,078 - RAG_Agent - WARNING - Missing 9108 documents
2025-05-22 05:41:39,078 - RAG_Agent - WARNING - Date range: 2025-01-01 to 2025-05-22
2025-05-22 05:41:39,078 - RAG_Agent - INFO - Fetching data from Federal Register API...
2025-05-22 05:41:39,812 - RAG_Agent - INFO - Successfully fetched 100 documents
2025-05-22 05:41:39,812 - RAG_Agent - INFO - Processing fetched data...
2025-05-22 05:41:39,812 - RAG_Agent - INFO - Processed 69 records successfully
2025-05-22 05:41:39,812 - RAG_Agent - INFO - Storing data in MySQL...
2025-05-22 05:41:39,883 - RAG_Agent - INFO - Data pipeline completed successfully!
2025-05-22 05:41:39,891 - RAG_Agent - INFO - Data range: 2025-01-02 to 2025-05-21
2025-05-22 05:41:39,891 - RAG_Agent - INFO - Total records: 136
2025-05-22 05:41:43,830 - RAG_Agent - INFO - WebSocket connection established
2025-05-22 05:41:50,694 - RAG_Agent - INFO - Received query: about healthcare
2025-05-22 05:41:54,607 - RAG_Agent - INFO - LLM query successful
2025-05-22 05:41:54,607 - RAG_Agent - INFO - Response sent successfully
2025-05-22 05:41:58,936 - RAG_Agent - INFO - WebSocket connection closed by client
